<?xml version="1.0" encoding="UTF-8"?>
<!-- Generated by org.testng.reporters.JUnitReportReporter -->
<testsuite hostname="GEORGE" name="com.gSTAX.Tests.Amazon" tests="2" failures="0" timestamp="26 Oct 2020 12:43:13 GMT" time="26.179" errors="0">
  <testcase name="test" time="10.175" classname="com.gSTAX.Tests.Amazon"/>
  <testcase name="test" time="16.004" classname="com.gSTAX.Tests.Amazon"/>
</testsuite> <!-- com.gSTAX.Tests.Amazon -->
