<?xml version="1.0" encoding="UTF-8"?>
<!-- Generated by org.testng.reporters.JUnitReportReporter -->
<testsuite hostname="GEORGE" name="com.gSTAX.Setup.InitialSetup" tests="2" failures="0" timestamp="28 Oct 2020 21:36:25 GMT" time="0.000" errors="0">
  <testcase name="extentReportsDemo" time="0.000" classname="com.gSTAX.Setup.InitialSetup"/>
  <testcase name="extentReportsDemo" time="0.000" classname="com.gSTAX.Setup.InitialSetup"/>
</testsuite> <!-- com.gSTAX.Setup.InitialSetup -->
