<?xml version="1.0" encoding="UTF-8"?>
<!-- Generated by org.testng.reporters.JUnitReportReporter -->
<testsuite hostname="GEORGE" name="com.gSTAX.Tests.Facebook" tests="1" failures="0" timestamp="26 Oct 2020 14:59:50 GMT" time="10.701" errors="0">
  <testcase name="test" time="10.701" classname="com.gSTAX.Tests.Facebook"/>
</testsuite> <!-- com.gSTAX.Tests.Facebook -->
