<?xml version="1.0" encoding="UTF-8"?>
<!-- Generated by org.testng.reporters.JUnitReportReporter -->
<testsuite hostname="GEORGE" name="com.gSTAX.Tests.Amazon" tests="2" failures="0" timestamp="26 Oct 2020 10:15:28 GMT" time="44.232" errors="0">
  <testcase name="test" time="18.790" classname="com.gSTAX.Tests.Amazon"/>
  <testcase name="test" time="25.442" classname="com.gSTAX.Tests.Amazon"/>
</testsuite> <!-- com.gSTAX.Tests.Amazon -->
