<?xml version="1.0" encoding="UTF-8"?>
<!-- Generated by org.testng.reporters.JUnitReportReporter -->
<testsuite hostname="GEORGE" name="com.gSTAX.Tests.Facebook" tests="1" failures="0" timestamp="26 Oct 2020 12:43:13 GMT" time="9.131" errors="0">
  <testcase name="test" time="9.131" classname="com.gSTAX.Tests.Facebook"/>
</testsuite> <!-- com.gSTAX.Tests.Facebook -->
