<?xml version="1.0" encoding="UTF-8"?>
<!-- Generated by org.testng.reporters.JUnitReportReporter -->
<testsuite hostname="GEORGE" name="com.gSTAX.Utilities.XML.createTestNGXML" tests="1" failures="0" timestamp="25 Oct 2020 15:05:40 GMT" time="12.492" errors="0">
  <testcase name="runTestNGTest" time="12.492" classname="com.gSTAX.Utilities.XML.createTestNGXML"/>
</testsuite> <!-- com.gSTAX.Utilities.XML.createTestNGXML -->
