<?xml version="1.0" encoding="UTF-8"?>
<!-- Generated by org.testng.reporters.JUnitReportReporter -->
<testsuite hostname="GEORGE" name="com.gSTAX.Tests.Facebook" tests="2" failures="0" timestamp="28 Oct 2020 21:36:25 GMT" time="4.563" errors="0">
  <testcase name="extentReportsDemo" time="0.000" classname="com.gSTAX.Tests.Facebook"/>
  <testcase name="test" time="4.563" classname="com.gSTAX.Tests.Facebook"/>
</testsuite> <!-- com.gSTAX.Tests.Facebook -->
