<?xml version="1.0" encoding="UTF-8"?>
<!-- Generated by org.testng.reporters.JUnitReportReporter -->
<testsuite hostname="GEORGE" name="com.gSTAX.Setup.InitialSetup" tests="3" failures="0" timestamp="29 Oct 2020 21:00:51 GMT" time="0.005" errors="0">
  <testcase name="test" time="0.004" classname="com.gSTAX.Setup.InitialSetup"/>
  <testcase name="test" time="0.000" classname="com.gSTAX.Setup.InitialSetup"/>
  <testcase name="test" time="0.001" classname="com.gSTAX.Setup.InitialSetup"/>
</testsuite> <!-- com.gSTAX.Setup.InitialSetup -->
