<?xml version="1.0" encoding="UTF-8"?>
<!-- Generated by org.testng.reporters.JUnitReportReporter -->
<testsuite hostname="GEORGE" name="com.gSTAX.Utilities.Report" tests="1" failures="0" timestamp="26 Oct 2020 16:38:48 GMT" time="0.013" errors="0">
  <testcase name="extentReportsDemo" time="0.013" classname="com.gSTAX.Utilities.Report"/>
</testsuite> <!-- com.gSTAX.Utilities.Report -->
