<?xml version="1.0" encoding="UTF-8"?>
<!-- Generated by org.testng.reporters.JUnitReportReporter -->
<testsuite hostname="GEORGE" name="testNGXML.createTestNGXML" tests="1" failures="0" timestamp="25 Oct 2020 14:44:50 GMT" time="17.036" errors="0">
  <testcase name="runTestNGTest" time="17.036" classname="testNGXML.createTestNGXML"/>
</testsuite> <!-- testNGXML.createTestNGXML -->
