<?xml version="1.0" encoding="UTF-8"?>
<!-- Generated by org.testng.reporters.JUnitReportReporter -->
<testsuite hostname="GEORGE" name="com.gSTAX.createTestNGXML" tests="1" failures="0" timestamp="25 Oct 2020 14:39:33 GMT" time="13.751" errors="0">
  <testcase name="runTestNGTest" time="13.751" classname="com.gSTAX.createTestNGXML"/>
</testsuite> <!-- com.gSTAX.createTestNGXML -->
