<?xml version="1.0" encoding="UTF-8"?>
<!-- Generated by org.testng.reporters.JUnitReportReporter -->
<testsuite hostname="GEORGE" name="com.gSTAX.gSTAX.App" tests="1" failures="0" timestamp="25 Oct 2020 12:56:19 GMT" time="14.584" errors="0">
  <testcase name="test" time="14.584" classname="com.gSTAX.gSTAX.App"/>
</testsuite> <!-- com.gSTAX.gSTAX.App -->
