<?xml version="1.0" encoding="UTF-8"?>
<!-- Generated by org.testng.reporters.JUnitReportReporter -->
<testsuite hostname="GEORGE" name="com.gSTAX.Utilities.CreateXML" tests="1" failures="0" timestamp="25 Oct 2020 21:07:53 GMT" time="11.538" errors="0">
  <testcase name="runTestNGTest" time="11.538" classname="com.gSTAX.Utilities.CreateXML"/>
</testsuite> <!-- com.gSTAX.Utilities.CreateXML -->
