<?xml version="1.0" encoding="UTF-8"?>
<!-- Generated by org.testng.reporters.JUnitReportReporter -->
<testsuite hostname="GEORGE" name="com.gSTAX.Tests.App" tests="1" failures="0" timestamp="25 Oct 2020 20:48:08 GMT" time="14.532" errors="0">
  <testcase name="test" time="14.532" classname="com.gSTAX.Tests.App"/>
</testsuite> <!-- com.gSTAX.Tests.App -->
