<?xml version="1.0" encoding="UTF-8"?>
<!-- Generated by org.testng.reporters.JUnitReportReporter -->
<testsuite hostname="GEORGE" name="com.gSTAX.Tests.Facebook" tests="1" failures="0" timestamp="25 Oct 2020 21:55:52 GMT" time="14.324" errors="0">
  <testcase name="test" time="14.324" classname="com.gSTAX.Tests.Facebook"/>
</testsuite> <!-- com.gSTAX.Tests.Facebook -->
