<?xml version="1.0" encoding="UTF-8"?>
<!-- Generated by org.testng.reporters.JUnitReportReporter -->
<testsuite hostname="GEORGE" name="com.gSTAXUtils.CreateXML" tests="1" failures="0" timestamp="26 Oct 2020 14:59:50 GMT" time="40.685" errors="0">
  <testcase name="runTestNGTest" time="40.685" classname="com.gSTAXUtils.CreateXML"/>
</testsuite> <!-- com.gSTAXUtils.CreateXML -->
