<?xml version="1.0" encoding="UTF-8"?>
<!-- Generated by org.testng.reporters.JUnitReportReporter -->
<testsuite hostname="GEORGE" name="com.gSTAX.XML.createTestNGXML" tests="1" failures="0" timestamp="25 Oct 2020 15:03:18 GMT" time="16.594" errors="0">
  <testcase name="runTestNGTest" time="16.594" classname="com.gSTAX.XML.createTestNGXML"/>
</testsuite> <!-- com.gSTAX.XML.createTestNGXML -->
