<?xml version="1.0" encoding="UTF-8"?>
<!-- Generated by org.testng.reporters.JUnitReportReporter -->
<testsuite hostname="GEORGE" name="com.gSTAX.Tests.Google" tests="1" failures="0" timestamp="26 Oct 2020 08:43:20 GMT" time="7.964" errors="0">
  <testcase name="test" time="7.964" classname="com.gSTAX.Tests.Google"/>
</testsuite> <!-- com.gSTAX.Tests.Google -->
