<?xml version="1.0" encoding="UTF-8"?>
<!-- Generated by org.testng.reporters.JUnitReportReporter -->
<testsuite hostname="GEORGE" name="com.gSTAX.Utilities.CreateXML" tests="1" failures="0" timestamp="26 Oct 2020 10:15:28 GMT" time="56.176" errors="0">
  <testcase name="runTestNGTest" time="56.176" classname="com.gSTAX.Utilities.CreateXML"/>
</testsuite> <!-- com.gSTAX.Utilities.CreateXML -->
