<?xml version="1.0" encoding="UTF-8"?>
<!-- Generated by org.testng.reporters.JUnitReportReporter -->
<testsuite hostname="GEORGE" name="com.gSTAX.Tests.Google" tests="1" failures="0" timestamp="29 Oct 2020 21:13:08 GMT" time="3.093" errors="0">
  <testcase name="test" time="3.093" classname="com.gSTAX.Tests.Google"/>
</testsuite> <!-- com.gSTAX.Tests.Google -->
